[2022-03-21T11:43:30.089Z] [INFO] [LOGGER] - Initializing Log
[2022-03-21T11:43:30.090Z] [INFO] [SERVER] - Server is Starting
[2022-03-21T11:43:30.330Z] [INFO] [SERVER] - Server started on port 3000
[2022-03-21T11:44:05.496Z] [INFO] [LOGGER] - Initializing Log
[2022-03-21T11:44:05.498Z] [INFO] [SERVER] - Server is Starting
[2022-03-21T11:44:05.763Z] [INFO] [SERVER] - Server started on port 3000
[2022-03-21T14:03:11.417Z] [INFO] [LOGGER] - Initializing Log
[2022-03-21T14:03:11.418Z] [INFO] [SERVER] - Server is Starting
[2022-03-21T14:03:11.676Z] [INFO] [SERVER] - Server started on port 3000
[2022-03-21T14:04:03.590Z] [DEBUG] [SOCKET_HANDLER] - lZuw9eFNPIIeqQt_AAAB connected!
[2022-03-21T14:04:03.591Z] [INFO] [GAME_HANDLER] - Room d3af5e6f-1279-46e5-bdee-6be1025c9f67 created
[2022-03-21T14:04:25.573Z] [INFO] [LOGGER] - Initializing Log
[2022-03-21T14:04:25.574Z] [INFO] [SERVER] - Server is Starting
[2022-03-21T14:04:25.819Z] [INFO] [SERVER] - Server started on port 3000
[2022-03-21T14:04:26.962Z] [DEBUG] [SOCKET_HANDLER] - SqAnoZnznAzTRZVPAAAB connected!
[2022-03-21T14:04:26.963Z] [INFO] [GAME_HANDLER] - Room 90e408a7-6364-46d2-8e93-3720947b862a created
[2022-03-21T14:06:08.387Z] [INFO] [LOGGER] - Initializing Log
[2022-03-21T14:06:08.388Z] [INFO] [SERVER] - Server is Starting
[2022-03-21T14:06:08.626Z] [INFO] [SERVER] - Server started on port 3000
[2022-03-21T14:06:10.389Z] [DEBUG] [SOCKET_HANDLER] - vG5apUoa0-miZCA4AAAB connected!
[2022-03-21T14:06:10.390Z] [INFO] [GAME_HANDLER] - Room 7f6d6a5b-dc2e-42ef-beda-97a894714298 created
[2022-03-21T14:07:17.702Z] [INFO] [LOGGER] - Initializing Log
[2022-03-21T14:07:17.703Z] [INFO] [SERVER] - Server is Starting
[2022-03-21T14:07:17.944Z] [INFO] [SERVER] - Server started on port 3000
[2022-03-21T14:07:20.909Z] [DEBUG] [SOCKET_HANDLER] - KeFHti8BhEJprv53AAAB connected!
[2022-03-21T14:07:20.910Z] [INFO] [GAME_HANDLER] - Room 3027b973-03bf-4d5b-849b-5a83a01ea28a created
[2022-03-21T14:07:59.064Z] [INFO] [LOGGER] - Initializing Log
[2022-03-21T14:07:59.065Z] [INFO] [SERVER] - Server is Starting
[2022-03-21T14:07:59.304Z] [INFO] [SERVER] - Server started on port 3000
[2022-03-21T14:10:23.943Z] [DEBUG] [SOCKET_HANDLER] - doGloRH1WUnLVHyFAAAB connected!
[2022-03-21T14:10:23.945Z] [INFO] [GAME_HANDLER] - Room 1ece43c1-111e-4a6f-8c9c-cc411dfa2da1 created
[2022-03-21T14:11:53.056Z] [INFO] [GAME_HANDLER] - Room 1ece43c1-111e-4a6f-8c9c-cc411dfa2da1 removed
[2022-03-21T14:11:55.970Z] [DEBUG] [SOCKET_HANDLER] - nzHIj1XUbJxAcS4gAAAD connected!
[2022-03-21T14:11:55.970Z] [INFO] [GAME_HANDLER] - Room 360ccef5-ef4a-4c3e-8e22-0184ee0ef3fa created
[2022-03-21T14:13:12.670Z] [INFO] [GAME_HANDLER] - Room 360ccef5-ef4a-4c3e-8e22-0184ee0ef3fa removed
[2022-03-21T17:21:43.666Z] [INFO] [LOGGER] - Initializing Log
[2022-03-21T17:21:43.667Z] [INFO] [SERVER] - Server is Starting
[2022-03-21T17:21:43.920Z] [INFO] [SERVER] - Server started on port 3000
[2022-03-21T17:22:20.691Z] [INFO] [LOGGER] - Initializing Log
[2022-03-21T17:22:20.692Z] [INFO] [SERVER] - Server is Starting
[2022-03-21T17:22:20.933Z] [INFO] [SERVER] - Server started on port 3000
[2022-03-21T17:56:58.025Z] [INFO] [LOGGER] - Initializing Log
[2022-03-21T17:56:58.027Z] [INFO] [SERVER] - Server is Starting
[2022-03-21T17:56:58.334Z] [INFO] [SERVER] - Server started on port 3000
[2022-03-21T18:43:22.348Z] [INFO] [LOGGER] - Initializing Log
[2022-03-21T18:43:22.350Z] [INFO] [SERVER] - Server is Starting
[2022-03-21T18:43:22.525Z] [INFO] [SERVER] - Server started on port 3000
[2022-03-21T18:43:42.107Z] [INFO] [LOGGER] - Initializing Log
[2022-03-21T18:43:42.109Z] [INFO] [SERVER] - Server is Starting
[2022-03-21T18:43:42.245Z] [INFO] [SERVER] - Server started on port 3000
[2022-03-21T18:58:16.888Z] [INFO] [LOGGER] - Initializing Log
[2022-03-21T18:58:16.890Z] [INFO] [SERVER] - Server is Starting
[2022-03-21T18:58:17.024Z] [INFO] [SERVER] - Server started on port 3000
[2022-03-21T19:00:39.697Z] [INFO] [LOGGER] - Initializing Log
[2022-03-21T19:00:39.699Z] [INFO] [SERVER] - Server is Starting
[2022-03-21T19:00:39.832Z] [INFO] [SERVER] - Server started on port 3000
[2022-03-21T19:00:42.499Z] [ERROR] [ERROR_HANDLER] - Unhandled Error at - / : Error: ENOENT: no such file or directory, stat 'D:\Programming\Projects\jems\Server\dist\client\dist\jems-web-client\index.html'
[2022-03-21T19:00:42.564Z] [ERROR] [ERROR_HANDLER] - Unhandled Error at - /favicon.ico : Error: ENOENT: no such file or directory, stat 'D:\Programming\Projects\jems\Server\dist\client\dist\jems-web-client\index.html'
[2022-03-21T19:08:56.632Z] [ERROR] [ERROR_HANDLER] - Unhandled Error at - / : Error: ENOENT: no such file or directory, stat 'D:\Programming\Projects\jems\Server\dist\client\dist\jems-web-client\index.html'
[2022-03-21T19:08:56.730Z] [ERROR] [ERROR_HANDLER] - Unhandled Error at - /favicon.ico : Error: ENOENT: no such file or directory, stat 'D:\Programming\Projects\jems\Server\dist\client\dist\jems-web-client\index.html'
[2022-03-21T19:08:57.659Z] [ERROR] [ERROR_HANDLER] - Unhandled Error at - / : Error: ENOENT: no such file or directory, stat 'D:\Programming\Projects\jems\Server\dist\client\dist\jems-web-client\index.html'
[2022-03-21T19:08:57.713Z] [ERROR] [ERROR_HANDLER] - Unhandled Error at - /favicon.ico : Error: ENOENT: no such file or directory, stat 'D:\Programming\Projects\jems\Server\dist\client\dist\jems-web-client\index.html'
[2022-03-21T19:09:42.194Z] [INFO] [LOGGER] - Initializing Log
[2022-03-21T19:09:42.195Z] [INFO] [SERVER] - Server is Starting
[2022-03-21T19:09:42.329Z] [INFO] [SERVER] - Server started on port 3000
[2022-03-21T19:09:45.543Z] [ERROR] [ERROR_HANDLER] - Unhandled Error at - /favicon.ico : Error: ENOENT: no such file or directory, stat 'D:\Programming\Projects\jems\Server\dist\client\dist\jems-web-client\index.html'
[2022-03-21T19:09:46.227Z] [ERROR] [ERROR_HANDLER] - Unhandled Error at - / : Error: ENOENT: no such file or directory, stat 'D:\Programming\Projects\jems\Server\dist\client\dist\jems-web-client\index.html'
[2022-03-21T19:09:46.283Z] [ERROR] [ERROR_HANDLER] - Unhandled Error at - /favicon.ico : Error: ENOENT: no such file or directory, stat 'D:\Programming\Projects\jems\Server\dist\client\dist\jems-web-client\index.html'
[2022-03-21T19:10:04.579Z] [INFO] [LOGGER] - Initializing Log
[2022-03-21T19:10:04.581Z] [INFO] [SERVER] - Server is Starting
[2022-03-21T19:10:04.717Z] [INFO] [SERVER] - Server started on port 3000
[2022-03-21T19:10:05.871Z] [ERROR] [ERROR_HANDLER] - Unhandled Error at - / : Error: ENOENT: no such file or directory, stat 'D:\Programming\Projects\jems\Server\dist\client\dist\jems-web-client\index.html'
[2022-03-21T19:10:05.973Z] [ERROR] [ERROR_HANDLER] - Unhandled Error at - /favicon.ico : Error: ENOENT: no such file or directory, stat 'D:\Programming\Projects\jems\Server\dist\client\dist\jems-web-client\index.html'
[2022-03-21T19:10:17.574Z] [ERROR] [ERROR_HANDLER] - Unhandled Error at - / : Error: ENOENT: no such file or directory, stat 'D:\Programming\Projects\jems\Server\dist\client\dist\jems-web-client\index.html'
[2022-03-21T19:10:17.671Z] [ERROR] [ERROR_HANDLER] - Unhandled Error at - /favicon.ico : Error: ENOENT: no such file or directory, stat 'D:\Programming\Projects\jems\Server\dist\client\dist\jems-web-client\index.html'
[2022-03-21T19:10:50.484Z] [INFO] [LOGGER] - Initializing Log
[2022-03-21T19:10:50.485Z] [INFO] [SERVER] - Server is Starting
[2022-03-21T19:10:50.629Z] [INFO] [SERVER] - Server started on port 3000
[2022-03-21T19:10:51.609Z] [ERROR] [ERROR_HANDLER] - Unhandled Error at - / : Error: ENOENT: no such file or directory, stat 'D:\Programming\Projects\jems\Server\dist\client\dist\jems-web-client\index.html'
[2022-03-21T19:10:51.713Z] [ERROR] [ERROR_HANDLER] - Unhandled Error at - /favicon.ico : Error: ENOENT: no such file or directory, stat 'D:\Programming\Projects\jems\Server\dist\client\dist\jems-web-client\index.html'
[2022-03-21T19:11:44.074Z] [INFO] [LOGGER] - Initializing Log
[2022-03-21T19:11:44.075Z] [INFO] [SERVER] - Server is Starting
[2022-03-21T19:11:44.214Z] [INFO] [SERVER] - Server started on port 3000
[2022-03-21T19:11:44.957Z] [ERROR] [ERROR_HANDLER] - Unhandled Error at - / : Error: ENOENT: no such file or directory, stat 'D:\Programming\Projects\jems\Server\dist\client\dist\jems-web-client\index.html'
[2022-03-21T19:11:45.061Z] [ERROR] [ERROR_HANDLER] - Unhandled Error at - /favicon.ico : Error: ENOENT: no such file or directory, stat 'D:\Programming\Projects\jems\Server\dist\client\dist\jems-web-client\index.html'
[2022-03-21T19:11:51.127Z] [ERROR] [ERROR_HANDLER] - Unhandled Error at - / : Error: ENOENT: no such file or directory, stat 'D:\Programming\Projects\jems\Server\dist\client\dist\jems-web-client\index.html'
[2022-03-21T19:11:51.189Z] [ERROR] [ERROR_HANDLER] - Unhandled Error at - /favicon.ico : Error: ENOENT: no such file or directory, stat 'D:\Programming\Projects\jems\Server\dist\client\dist\jems-web-client\index.html'
[2022-03-21T19:12:13.188Z] [INFO] [LOGGER] - Initializing Log
[2022-03-21T19:12:13.190Z] [INFO] [SERVER] - Server is Starting
[2022-03-21T19:12:13.336Z] [INFO] [SERVER] - Server started on port 3000
[2022-03-21T19:20:35.129Z] [INFO] [LOGGER] - Initializing Log
[2022-03-21T19:20:35.130Z] [INFO] [SERVER] - Server is Starting
[2022-03-21T19:20:35.264Z] [INFO] [SERVER] - Server started on port 3000
[2022-03-21T19:20:48.765Z] [INFO] [LOGGER] - Initializing Log
[2022-03-21T19:20:48.766Z] [INFO] [SERVER] - Server is Starting
[2022-03-21T19:20:48.912Z] [INFO] [SERVER] - Server started on port 3000
[2022-03-21T19:23:08.624Z] [INFO] [LOGGER] - Initializing Log
[2022-03-21T19:23:08.626Z] [INFO] [SERVER] - Server is Starting
[2022-03-21T19:23:08.774Z] [INFO] [SERVER] - Server started on port 3000
[2022-03-21T19:34:51.177Z] [INFO] [LOGGER] - Initializing Log
[2022-03-21T19:34:51.178Z] [INFO] [SERVER] - Server is Starting
[2022-03-21T19:34:51.417Z] [INFO] [SERVER] - Server started on port 3000
[2022-03-21T19:34:57.153Z] [ERROR] [ERROR_HANDLER] - Unhandled Error at - /styles.css : Error: ENOENT: no such file or directory, stat 'D:\Programming\Projects\jems\Server\src\client\index.html'
[2022-03-21T19:34:57.214Z] [ERROR] [ERROR_HANDLER] - Unhandled Error at - /runtime.js : Error: ENOENT: no such file or directory, stat 'D:\Programming\Projects\jems\Server\src\client\index.html'
[2022-03-21T19:34:57.215Z] [ERROR] [ERROR_HANDLER] - Unhandled Error at - /polyfills.js : Error: ENOENT: no such file or directory, stat 'D:\Programming\Projects\jems\Server\src\client\index.html'
[2022-03-21T19:34:57.217Z] [ERROR] [ERROR_HANDLER] - Unhandled Error at - /vendor.js : Error: ENOENT: no such file or directory, stat 'D:\Programming\Projects\jems\Server\src\client\index.html'
[2022-03-21T19:34:57.218Z] [ERROR] [ERROR_HANDLER] - Unhandled Error at - /main.js : Error: ENOENT: no such file or directory, stat 'D:\Programming\Projects\jems\Server\src\client\index.html'
[2022-03-21T19:36:04.762Z] [INFO] [LOGGER] - Initializing Log
[2022-03-21T19:36:04.763Z] [INFO] [SERVER] - Server is Starting
[2022-03-21T19:36:05.013Z] [INFO] [SERVER] - Server started on port 3000
[2022-03-21T19:36:06.154Z] [ERROR] [ERROR_HANDLER] - Unhandled Error at - / : Error: ENOENT: no such file or directory, stat 'D:\Programming\Projects\jems\Server\src\client\index.html'
[2022-03-21T19:36:06.231Z] [ERROR] [ERROR_HANDLER] - Unhandled Error at - /favicon.ico : Error: ENOENT: no such file or directory, stat 'D:\Programming\Projects\jems\Server\src\client\index.html'
[2022-03-21T19:36:41.232Z] [INFO] [LOGGER] - Initializing Log
[2022-03-21T19:36:41.233Z] [INFO] [SERVER] - Server is Starting
[2022-03-21T19:36:41.475Z] [INFO] [SERVER] - Server started on port 3000
[2022-03-21T19:36:41.732Z] [ERROR] [ERROR_HANDLER] - Unhandled Error at - / : Error: ENOENT: no such file or directory, stat 'D:\Programming\Projects\jems\Server\src\client\index.html'
[2022-03-21T19:36:41.832Z] [ERROR] [ERROR_HANDLER] - Unhandled Error at - /favicon.ico : Error: ENOENT: no such file or directory, stat 'D:\Programming\Projects\jems\Server\src\client\index.html'
[2022-03-21T19:36:59.689Z] [INFO] [LOGGER] - Initializing Log
[2022-03-21T19:36:59.691Z] [INFO] [SERVER] - Server is Starting
[2022-03-21T19:36:59.960Z] [INFO] [SERVER] - Server started on port 3000
[2022-03-21T19:37:08.628Z] [INFO] [LOGGER] - Initializing Log
[2022-03-21T19:37:08.630Z] [INFO] [SERVER] - Server is Starting
[2022-03-21T19:37:08.867Z] [INFO] [SERVER] - Server started on port 3000
[2022-03-21T19:37:54.065Z] [INFO] [LOGGER] - Initializing Log
[2022-03-21T19:37:54.067Z] [INFO] [SERVER] - Server is Starting
[2022-03-21T19:37:54.301Z] [INFO] [SERVER] - Server started on port 3000
[2022-03-21T19:37:58.582Z] [DEBUG] [SOCKET_HANDLER] - oRLWjVnHQdMmHzbOAAAB connected!
[2022-03-21T19:37:58.583Z] [INFO] [GAME_HANDLER] - Room d8a709e6-9c26-479c-86f8-e4f721978e97 created
[2022-03-21T19:38:14.456Z] [INFO] [LOGGER] - Initializing Log
[2022-03-21T19:38:14.458Z] [INFO] [SERVER] - Server is Starting
[2022-03-21T19:38:14.700Z] [INFO] [SERVER] - Server started on port 3000
[2022-03-21T19:38:14.750Z] [DEBUG] [SOCKET_HANDLER] - Dhq5CxXNK13uf0qEAAAB connected!
[2022-03-21T19:38:14.751Z] [INFO] [GAME_HANDLER] - Room d8a709e6-9c26-479c-86f8-e4f721978e97 created
[2022-03-21T19:38:19.247Z] [INFO] [GAME_HANDLER] - Room d8a709e6-9c26-479c-86f8-e4f721978e97 removed
[2022-03-21T19:38:46.162Z] [INFO] [LOGGER] - Initializing Log
[2022-03-21T19:38:46.164Z] [INFO] [SERVER] - Server is Starting
[2022-03-21T19:38:46.308Z] [INFO] [SERVER] - Server started on port 3000
[2022-03-21T19:39:19.942Z] [DEBUG] [SOCKET_HANDLER] - kjylMb66qyOVhBdvAAAB connected!
[2022-03-21T19:39:19.943Z] [INFO] [GAME_HANDLER] - Room 3c5740b8-9444-499a-b8f6-093dc4cffcdb created
[2022-03-21T19:44:00.308Z] [DEBUG] [SOCKET_HANDLER] - 2MS-NQUMbjZaJ0auAAAD connected!
[2022-03-21T19:45:07.455Z] [INFO] [GAME_HANDLER] - Room 3c5740b8-9444-499a-b8f6-093dc4cffcdb removed
[2022-03-21T21:45:05.209Z] [INFO] [LOGGER] - Initializing Log
[2022-03-21T21:45:05.210Z] [INFO] [SERVER] - Server is Starting
[2022-03-21T21:45:05.415Z] [INFO] [SERVER] - Server started on port 3000
[2022-03-21T21:45:36.580Z] [ERROR] [ERROR_HANDLER] - Unhandled Error at - / : Error: ENOENT: no such file or directory, stat 'D:\Programming\Projects\jems\Server\dist\client\index.html'
[2022-03-21T21:45:37.387Z] [ERROR] [ERROR_HANDLER] - Unhandled Error at - /favicon.ico : Error: ENOENT: no such file or directory, stat 'D:\Programming\Projects\jems\Server\dist\client\index.html'
[2022-03-22T16:49:11.088Z] [INFO] [LOGGER] - Initializing Log
[2022-03-22T16:49:11.090Z] [INFO] [SERVER] - Server is Starting
[2022-03-22T16:49:12.667Z] [INFO] [SERVER] - Server started on port 3000
[2022-03-22T16:49:21.096Z] [DEBUG] [SOCKET_HANDLER] - YcfdWdRZARhOE0aVAAAB connected!
[2022-03-22T16:49:21.097Z] [INFO] [GAME_HANDLER] - Room b4786c9c-edc0-4e42-8e13-a28fd45ca3e3 created
[2022-03-22T16:49:38.855Z] [INFO] [GAME_HANDLER] - Room b4786c9c-edc0-4e42-8e13-a28fd45ca3e3 removed
[2022-03-23T06:34:00.702Z] [INFO] [LOGGER] - Initializing Log
[2022-03-23T06:34:00.704Z] [INFO] [SERVER] - Server is Starting
[2022-03-23T06:34:00.856Z] [INFO] [SERVER] - Server started on port 3000
[2022-03-23T07:02:48.311Z] [DEBUG] [SOCKET_HANDLER] - h5lgHJw6ft3krhHxAAAB connected!
[2022-03-23T07:02:48.312Z] [INFO] [GAME_HANDLER] - Room 96d950f2-4549-4507-822a-cf2cd47a7db6 created
[2022-03-23T07:03:17.590Z] [INFO] [GAME_HANDLER] - Room 96d950f2-4549-4507-822a-cf2cd47a7db6 removed
[2022-03-23T07:03:22.557Z] [DEBUG] [SOCKET_HANDLER] - aKDL8KOOufqrqty4AAAD connected!
[2022-03-23T07:03:22.557Z] [INFO] [GAME_HANDLER] - Room 64c8764f-53a7-45b9-88df-3be841890842 created
[2022-03-23T07:03:57.633Z] [INFO] [GAME_HANDLER] - Room 64c8764f-53a7-45b9-88df-3be841890842 removed
[2022-03-23T07:04:03.678Z] [DEBUG] [SOCKET_HANDLER] - ZAC6J3I6hiuCCfnSAAAF connected!
[2022-03-23T07:04:03.679Z] [INFO] [GAME_HANDLER] - Room b8072a4d-2c80-4ab4-b4ef-898ee62f12b1 created
[2022-03-23T07:05:05.752Z] [INFO] [GAME_HANDLER] - Room b8072a4d-2c80-4ab4-b4ef-898ee62f12b1 removed
[2022-03-23T07:06:03.263Z] [DEBUG] [SOCKET_HANDLER] - _-E5dv8O2eFYpCibAAAH connected!
[2022-03-23T07:06:03.263Z] [INFO] [GAME_HANDLER] - Room 8218b26d-f1fd-4f80-a587-205b953b1611 created
[2022-03-23T07:06:57.650Z] [INFO] [GAME_HANDLER] - Room 8218b26d-f1fd-4f80-a587-205b953b1611 removed
[2022-03-23T07:13:34.192Z] [DEBUG] [SOCKET_HANDLER] - L0bsrrqvwhj_-lcqAAAJ connected!
[2022-03-23T07:13:34.193Z] [INFO] [GAME_HANDLER] - Room f9d8a0f9-3e56-4c0e-a5ea-022f48e725f2 created
[2022-03-23T07:14:43.937Z] [INFO] [GAME_HANDLER] - Room f9d8a0f9-3e56-4c0e-a5ea-022f48e725f2 removed
[2022-03-23T07:14:47.407Z] [DEBUG] [SOCKET_HANDLER] - i7Bb_2dJzmW6iIdpAAAL connected!
[2022-03-23T07:14:47.408Z] [INFO] [GAME_HANDLER] - Room ee7a30d4-bc90-4eb0-ae2b-3ce03ebc11f4 created
[2022-03-23T07:15:06.302Z] [INFO] [GAME_HANDLER] - Room ee7a30d4-bc90-4eb0-ae2b-3ce03ebc11f4 removed
[2022-03-23T07:15:08.989Z] [DEBUG] [SOCKET_HANDLER] - yNiDoqYbrCBqCGq2AAAN connected!
[2022-03-23T07:15:08.989Z] [INFO] [GAME_HANDLER] - Room 522a6f65-471a-4dab-a41e-f1493532b0b7 created
[2022-03-23T07:16:50.720Z] [INFO] [GAME_HANDLER] - Room 522a6f65-471a-4dab-a41e-f1493532b0b7 removed
[2022-03-23T07:17:03.678Z] [DEBUG] [SOCKET_HANDLER] - 5JY_5C4_WsNucyqAAAAP connected!
[2022-03-23T07:17:03.679Z] [INFO] [GAME_HANDLER] - Room 24347afb-c1b5-4cf4-9d87-39b2ef16f5cf created
[2022-03-23T07:17:53.658Z] [INFO] [GAME_HANDLER] - Room 24347afb-c1b5-4cf4-9d87-39b2ef16f5cf removed
[2022-03-23T07:18:03.187Z] [DEBUG] [SOCKET_HANDLER] - CWMKFNNNHcIVJx6nAAAR connected!
[2022-03-23T07:18:03.187Z] [INFO] [GAME_HANDLER] - Room 1257278f-f24a-44c8-b73a-5e7731ca9380 created
[2022-03-23T07:18:50.037Z] [INFO] [GAME_HANDLER] - Room 1257278f-f24a-44c8-b73a-5e7731ca9380 removed
[2022-03-23T07:19:02.586Z] [DEBUG] [SOCKET_HANDLER] - t51vDTajLqxDe4HlAAAT connected!
[2022-03-23T07:19:02.586Z] [INFO] [GAME_HANDLER] - Room ac631c94-5f58-4afd-af00-9267da62274d created
[2022-03-23T07:19:15.921Z] [INFO] [GAME_HANDLER] - Room ac631c94-5f58-4afd-af00-9267da62274d removed
[2022-03-23T07:19:18.655Z] [DEBUG] [SOCKET_HANDLER] - O0cpQ3YmwxMPA7yqAAAV connected!
[2022-03-23T07:19:18.656Z] [INFO] [GAME_HANDLER] - Room 5c354ddf-7d57-4f6d-b412-fea780b49483 created
[2022-03-23T07:19:30.276Z] [INFO] [GAME_HANDLER] - Room 5c354ddf-7d57-4f6d-b412-fea780b49483 removed
[2022-03-23T07:20:52.383Z] [DEBUG] [SOCKET_HANDLER] - 1BhIG6B9JPCAmGXSAAAX connected!
[2022-03-23T07:20:52.384Z] [INFO] [GAME_HANDLER] - Room 5c296ce9-4113-412b-bc14-1a14bcd28922 created
[2022-03-23T07:21:00.805Z] [INFO] [GAME_HANDLER] - Room 5c296ce9-4113-412b-bc14-1a14bcd28922 removed
[2022-03-23T07:32:28.765Z] [DEBUG] [SOCKET_HANDLER] - H3B5Ea3VsOHYW5AIAAAZ connected!
[2022-03-23T07:32:28.765Z] [INFO] [GAME_HANDLER] - Room 8d761454-f2e2-4478-b4c2-bbd6a57b0b61 created
[2022-03-23T07:33:38.295Z] [INFO] [GAME_HANDLER] - Room 8d761454-f2e2-4478-b4c2-bbd6a57b0b61 removed
[2022-03-23T07:33:42.640Z] [DEBUG] [SOCKET_HANDLER] - e1r41VSuQEOZywiRAAAb connected!
[2022-03-23T07:33:42.640Z] [INFO] [GAME_HANDLER] - Room 1e3887a6-adc4-40f8-8ed2-04d978f422fe created
[2022-03-23T07:34:02.426Z] [INFO] [GAME_HANDLER] - Room 1e3887a6-adc4-40f8-8ed2-04d978f422fe removed
[2022-03-23T07:34:11.336Z] [DEBUG] [SOCKET_HANDLER] - qpy2PFEwwSlf_H7zAAAd connected!
[2022-03-23T07:34:11.336Z] [INFO] [GAME_HANDLER] - Room de7130ad-2496-4302-a2a5-3c9a56778ad3 created
[2022-03-23T07:36:08.393Z] [INFO] [GAME_HANDLER] - Room de7130ad-2496-4302-a2a5-3c9a56778ad3 removed
[2022-03-23T07:36:17.295Z] [DEBUG] [SOCKET_HANDLER] - bL7Vy4s6CtdhhcgeAAAf connected!
[2022-03-23T07:36:17.295Z] [INFO] [GAME_HANDLER] - Room eb9bea19-743b-44b3-9c46-7b03c8d2fbfc created
[2022-03-23T07:36:42.418Z] [INFO] [GAME_HANDLER] - Room eb9bea19-743b-44b3-9c46-7b03c8d2fbfc removed
[2022-03-23T07:40:43.533Z] [DEBUG] [SOCKET_HANDLER] - hh7ENeKJX1W8GLn4AAAh connected!
[2022-03-23T07:40:43.533Z] [INFO] [GAME_HANDLER] - Room faa5ec63-6244-4638-ae4a-cb521e531269 created
[2022-03-23T07:40:54.596Z] [INFO] [GAME_HANDLER] - Room faa5ec63-6244-4638-ae4a-cb521e531269 removed
[2022-03-23T07:40:59.302Z] [DEBUG] [SOCKET_HANDLER] - cp3AOmVZ7Ai736z0AAAj connected!
[2022-03-23T07:40:59.302Z] [INFO] [GAME_HANDLER] - Room a5315675-3f9f-47b5-a9f8-8d583bf65901 created
[2022-03-23T07:43:11.130Z] [INFO] [GAME_HANDLER] - Room a5315675-3f9f-47b5-a9f8-8d583bf65901 removed
[2022-03-23T07:45:57.733Z] [DEBUG] [SOCKET_HANDLER] - xPN6zzT7wNvlRGq8AAAl connected!
[2022-03-23T07:45:57.734Z] [INFO] [GAME_HANDLER] - Room 1f438719-9cac-4503-b9f3-79f84b369c83 created
[2022-03-23T07:46:11.093Z] [INFO] [GAME_HANDLER] - Room 1f438719-9cac-4503-b9f3-79f84b369c83 removed
[2022-03-23T07:47:03.374Z] [DEBUG] [SOCKET_HANDLER] - dE_fRmLne6caNhWpAAAn connected!
[2022-03-23T07:47:03.375Z] [INFO] [GAME_HANDLER] - Room 462db3ae-cf3e-4cf2-b74a-8de302c04043 created
[2022-03-23T07:47:55.063Z] [INFO] [GAME_HANDLER] - Room 462db3ae-cf3e-4cf2-b74a-8de302c04043 removed
[2022-03-23T07:48:14.675Z] [DEBUG] [SOCKET_HANDLER] - 7WWXCRMtijzO1MNXAAAp connected!
[2022-03-23T07:48:14.676Z] [INFO] [GAME_HANDLER] - Room f72fadfc-ca57-4cc9-b319-579c7010f824 created
[2022-03-23T07:49:39.758Z] [INFO] [GAME_HANDLER] - Room f72fadfc-ca57-4cc9-b319-579c7010f824 removed
[2022-03-23T07:49:43.943Z] [DEBUG] [SOCKET_HANDLER] - N4pEfKx6m6ksEeDCAAAr connected!
[2022-03-23T07:49:43.943Z] [INFO] [GAME_HANDLER] - Room f7768785-7ee1-451a-8859-eb339e2469c7 created
[2022-03-23T07:51:29.484Z] [INFO] [GAME_HANDLER] - Room f7768785-7ee1-451a-8859-eb339e2469c7 removed
[2022-03-23T07:51:34.795Z] [DEBUG] [SOCKET_HANDLER] - DWYQioExPxRAIOVOAAAt connected!
[2022-03-23T07:51:34.796Z] [INFO] [GAME_HANDLER] - Room d66f1e91-d762-43ef-8a9c-6264ee156b01 created
[2022-03-23T07:51:48.449Z] [INFO] [GAME_HANDLER] - Room d66f1e91-d762-43ef-8a9c-6264ee156b01 removed
[2022-03-23T07:51:54.370Z] [DEBUG] [SOCKET_HANDLER] - lvl-bgwZvX55Ak98AAAv connected!
[2022-03-23T07:51:54.370Z] [INFO] [GAME_HANDLER] - Room fdc6737a-d13f-47bd-9466-4a869675d2ba created
[2022-03-23T07:53:27.899Z] [INFO] [GAME_HANDLER] - Room fdc6737a-d13f-47bd-9466-4a869675d2ba removed
[2022-03-23T07:53:40.830Z] [DEBUG] [SOCKET_HANDLER] - 11x4nCchX-iIdf4uAAAx connected!
[2022-03-23T07:53:40.831Z] [INFO] [GAME_HANDLER] - Room 91592092-3309-46b7-8587-d45ccd374c09 created
[2022-03-23T07:54:54.217Z] [INFO] [GAME_HANDLER] - Room 91592092-3309-46b7-8587-d45ccd374c09 removed
[2022-03-23T07:55:18.843Z] [DEBUG] [SOCKET_HANDLER] - aYdyvr3aQFsoDZcPAAAz connected!
[2022-03-23T07:55:18.843Z] [INFO] [GAME_HANDLER] - Room 1f625ca1-12f8-4c05-a997-4616b781964c created
[2022-03-23T07:55:30.717Z] [INFO] [GAME_HANDLER] - Room 1f625ca1-12f8-4c05-a997-4616b781964c removed
[2022-03-23T07:55:34.846Z] [DEBUG] [SOCKET_HANDLER] - WIp9Yh8-WylVr_4JAAA1 connected!
[2022-03-23T07:55:34.847Z] [INFO] [GAME_HANDLER] - Room fd944ea9-76e1-4d9d-b674-9908a1030b2d created
[2022-03-23T07:55:46.809Z] [INFO] [GAME_HANDLER] - Room fd944ea9-76e1-4d9d-b674-9908a1030b2d removed
[2022-03-23T07:55:49.760Z] [DEBUG] [SOCKET_HANDLER] - 7CNDg1bbUF8B3iqRAAA3 connected!
[2022-03-23T07:55:49.760Z] [INFO] [GAME_HANDLER] - Room 516cddd5-a762-4591-b539-ed3ce145c98b created
[2022-03-23T07:56:11.427Z] [INFO] [GAME_HANDLER] - Room 516cddd5-a762-4591-b539-ed3ce145c98b removed
[2022-03-23T07:56:19.392Z] [DEBUG] [SOCKET_HANDLER] - ZiF-E2XbjiuC7d8DAAA5 connected!
[2022-03-23T07:56:19.392Z] [INFO] [GAME_HANDLER] - Room bbdd1e00-d987-42a6-861e-b32ac55465dd created
[2022-03-23T07:57:18.291Z] [INFO] [GAME_HANDLER] - Room bbdd1e00-d987-42a6-861e-b32ac55465dd removed
[2022-03-23T07:59:42.529Z] [DEBUG] [SOCKET_HANDLER] - gTusO76X7klCVW3VAAA7 connected!
[2022-03-23T07:59:42.530Z] [INFO] [GAME_HANDLER] - Room 3553d48c-bc17-48a8-9c67-7f6f9fa6a5f9 created
[2022-03-23T08:00:21.714Z] [INFO] [GAME_HANDLER] - Room 3553d48c-bc17-48a8-9c67-7f6f9fa6a5f9 removed
[2022-03-23T08:00:25.329Z] [DEBUG] [SOCKET_HANDLER] - 5fEYLAbIsbBvLG0aAAA9 connected!
[2022-03-23T08:00:25.329Z] [INFO] [GAME_HANDLER] - Room cae603c7-91d2-4534-8e7c-a7c16af262d7 created
[2022-03-23T08:00:42.122Z] [INFO] [GAME_HANDLER] - Room cae603c7-91d2-4534-8e7c-a7c16af262d7 removed
[2022-03-23T08:09:53.639Z] [DEBUG] [SOCKET_HANDLER] - aqasZ0bmOdIczFwQAAA_ connected!
[2022-03-23T08:09:53.639Z] [INFO] [GAME_HANDLER] - Room d5ed3c6a-2c6b-4aac-9906-a1449aa1cc14 created
[2022-03-23T08:10:03.501Z] [INFO] [GAME_HANDLER] - Room d5ed3c6a-2c6b-4aac-9906-a1449aa1cc14 removed
[2022-03-23T08:10:07.459Z] [DEBUG] [SOCKET_HANDLER] - RJgxB_sP3vJgmhTSAABB connected!
[2022-03-23T08:10:07.460Z] [INFO] [GAME_HANDLER] - Room c68dc6e8-e650-4318-89e1-b4a28ea1ce34 created
[2022-03-23T08:10:39.055Z] [INFO] [GAME_HANDLER] - Room c68dc6e8-e650-4318-89e1-b4a28ea1ce34 removed
[2022-03-23T08:10:57.311Z] [DEBUG] [SOCKET_HANDLER] - CET7uoJ_u5lvJ9zoAABD connected!
[2022-03-23T08:10:57.311Z] [INFO] [GAME_HANDLER] - Room 72a81a33-1315-4b8f-8a38-88f910af91af created
[2022-03-23T08:11:16.617Z] [INFO] [GAME_HANDLER] - Room 72a81a33-1315-4b8f-8a38-88f910af91af removed
[2022-03-23T08:11:26.802Z] [DEBUG] [SOCKET_HANDLER] - E8bcNxw80LRr6dBJAABF connected!
[2022-03-23T08:11:26.802Z] [INFO] [GAME_HANDLER] - Room 8f297914-f68e-4ef9-85b4-7997cd8a4ac1 created
[2022-03-23T08:12:13.895Z] [INFO] [GAME_HANDLER] - Room 8f297914-f68e-4ef9-85b4-7997cd8a4ac1 removed
[2022-03-23T08:12:18.408Z] [DEBUG] [SOCKET_HANDLER] - NBb-oT6qykllUY25AABH connected!
[2022-03-23T08:12:18.408Z] [INFO] [GAME_HANDLER] - Room 3dcc51e4-4a23-4d0d-9f50-c5bfce2724ec created
[2022-03-23T08:14:13.367Z] [INFO] [GAME_HANDLER] - Room 3dcc51e4-4a23-4d0d-9f50-c5bfce2724ec removed
[2022-03-23T08:17:46.105Z] [DEBUG] [SOCKET_HANDLER] - eQkFi9bXw94eSp1OAABJ connected!
[2022-03-23T08:17:46.106Z] [INFO] [GAME_HANDLER] - Room 48e56c92-02b9-4dd0-b658-d795b0a9a7a9 created
[2022-03-23T08:17:58.453Z] [INFO] [GAME_HANDLER] - Room 48e56c92-02b9-4dd0-b658-d795b0a9a7a9 removed
[2022-03-23T08:18:01.319Z] [DEBUG] [SOCKET_HANDLER] - E0xbnKyj2lhJHqDkAABL connected!
[2022-03-23T08:18:01.319Z] [INFO] [GAME_HANDLER] - Room 0340893f-502c-4e8a-82b1-cc044745e3d2 created
[2022-03-23T08:19:04.373Z] [INFO] [GAME_HANDLER] - Room 0340893f-502c-4e8a-82b1-cc044745e3d2 removed
[2022-03-23T08:19:35.580Z] [DEBUG] [SOCKET_HANDLER] - FOIIHDxpdSTCyOS9AABN connected!
[2022-03-23T08:19:35.581Z] [INFO] [GAME_HANDLER] - Room 1060aebe-4785-4e0c-ac5a-24b1413885d4 created
[2022-03-23T08:20:05.053Z] [ERROR] [ERROR_HANDLER] - Unhandled Error at - /join/1060aebe-4785-4e0c-ac5a-24b1413885d4 : Error: ENOENT: no such file or directory, stat 'D:\Programming\Projects\jems\Server\dist\client\index.html'
[2022-03-23T08:20:05.195Z] [ERROR] [ERROR_HANDLER] - Unhandled Error at - /favicon.ico : Error: ENOENT: no such file or directory, stat 'D:\Programming\Projects\jems\Server\dist\client\index.html'
[2022-03-23T08:20:11.369Z] [DEBUG] [SOCKET_HANDLER] - RaeNFrbM_Bad1ZdWAABP connected!
[2022-03-23T08:21:49.455Z] [INFO] [GAME_HANDLER] - Room 1060aebe-4785-4e0c-ac5a-24b1413885d4 removed
[2022-03-23T08:23:06.038Z] [DEBUG] [SOCKET_HANDLER] - hC7jCKiigHWApgdcAABR connected!
[2022-03-23T08:23:06.038Z] [INFO] [GAME_HANDLER] - Room 22da9a13-1cd9-4cf9-a6d0-374f8c2ce9e9 created
[2022-03-23T08:23:17.195Z] [DEBUG] [SOCKET_HANDLER] - JeGQI8UAzSG8O0Z5AABT connected!
[2022-03-23T08:24:08.095Z] [INFO] [GAME_HANDLER] - Room 22da9a13-1cd9-4cf9-a6d0-374f8c2ce9e9 removed
[2022-03-23T08:24:11.041Z] [DEBUG] [SOCKET_HANDLER] - cJx9RtVwE-p4XNN9AABV connected!
[2022-03-23T08:24:11.041Z] [INFO] [GAME_HANDLER] - Room c128fcf1-4ebd-4683-b7bf-83343e497633 created
[2022-03-23T08:24:26.560Z] [INFO] [GAME_HANDLER] - Room c128fcf1-4ebd-4683-b7bf-83343e497633 removed
[2022-03-23T08:24:28.523Z] [DEBUG] [SOCKET_HANDLER] - TDDnP7xt82gDapJyAABX connected!
[2022-03-23T08:24:28.523Z] [INFO] [GAME_HANDLER] - Room cd3c48f2-620e-4aaa-846f-5cab7ac1e48c created
[2022-03-23T08:24:51.881Z] [DEBUG] [SOCKET_HANDLER] - bWUkGKfh6xcqEmKKAABZ connected!
[2022-03-23T08:26:23.437Z] [INFO] [GAME_HANDLER] - Room cd3c48f2-620e-4aaa-846f-5cab7ac1e48c removed
[2022-03-23T08:27:21.139Z] [DEBUG] [SOCKET_HANDLER] - WGHrs5b4QXJvV_XfAABb connected!
[2022-03-23T08:27:21.139Z] [INFO] [GAME_HANDLER] - Room 7615c783-2e90-4139-8ead-5f9b99a4ddee created
[2022-03-23T08:27:49.201Z] [INFO] [GAME_HANDLER] - Room 7615c783-2e90-4139-8ead-5f9b99a4ddee removed
[2022-03-23T08:29:17.765Z] [DEBUG] [SOCKET_HANDLER] - 3yTccX9XkBr9FtmhAABd connected!
[2022-03-23T08:29:17.765Z] [INFO] [GAME_HANDLER] - Room 18b6ecca-68f5-4a58-8092-896c94f47f30 created
[2022-03-23T08:30:20.692Z] [INFO] [GAME_HANDLER] - Room 18b6ecca-68f5-4a58-8092-896c94f47f30 removed
[2022-03-23T08:30:26.472Z] [DEBUG] [SOCKET_HANDLER] - Tb80yIboeVlaHVZ4AABf connected!
[2022-03-23T08:30:26.473Z] [INFO] [GAME_HANDLER] - Room 9ff6d228-0bbf-4ad0-a59b-917888903aea created
[2022-03-23T08:30:44.036Z] [INFO] [GAME_HANDLER] - Room 9ff6d228-0bbf-4ad0-a59b-917888903aea removed
[2022-03-23T08:30:46.190Z] [DEBUG] [SOCKET_HANDLER] - Yfr8hoL23AubEVl3AABh connected!
[2022-03-23T08:30:46.190Z] [INFO] [GAME_HANDLER] - Room 98198b04-40b8-4128-87cf-62fb339fd1b2 created
[2022-03-23T08:31:28.568Z] [INFO] [GAME_HANDLER] - Room 98198b04-40b8-4128-87cf-62fb339fd1b2 removed
[2022-03-23T08:31:40.963Z] [DEBUG] [SOCKET_HANDLER] - OvNd-V4SYSEWV-9mAABj connected!
[2022-03-23T08:31:40.963Z] [INFO] [GAME_HANDLER] - Room b27bdc45-57f8-42e1-84b7-3da0096f25f1 created
[2022-03-23T08:31:49.338Z] [DEBUG] [SOCKET_HANDLER] - SBk7hUwdbIbAziVqAABl connected!
[2022-03-23T08:34:57.229Z] [INFO] [GAME_HANDLER] - Room b27bdc45-57f8-42e1-84b7-3da0096f25f1 removed
[2022-03-23T08:35:04.990Z] [DEBUG] [SOCKET_HANDLER] - lyS6xvJZswPU9fkUAABn connected!
[2022-03-23T08:35:04.990Z] [INFO] [GAME_HANDLER] - Room 5d71273f-b0d0-4a26-a871-032ced8dad61 created
[2022-03-23T08:35:09.157Z] [INFO] [GAME_HANDLER] - Room 5d71273f-b0d0-4a26-a871-032ced8dad61 removed
[2022-03-23T08:36:14.396Z] [DEBUG] [SOCKET_HANDLER] - Bul67sSeq8J3DGjXAABp connected!
[2022-03-23T08:36:14.397Z] [INFO] [GAME_HANDLER] - Room 768f1141-e324-4762-a376-4b289a3cbb6d created
[2022-03-23T08:37:52.907Z] [INFO] [GAME_HANDLER] - Room 768f1141-e324-4762-a376-4b289a3cbb6d removed
[2022-03-23T08:37:55.484Z] [DEBUG] [SOCKET_HANDLER] - 3-bgN2uli3Mcn7lOAABr connected!
[2022-03-23T08:37:55.484Z] [INFO] [GAME_HANDLER] - Room 85ad086b-8001-4f4d-b334-381bc4e59570 created
[2022-03-23T08:38:03.888Z] [DEBUG] [SOCKET_HANDLER] - jczxZ66MN3jfHqdIAABt connected!
[2022-03-23T08:38:19.228Z] [INFO] [GAME_HANDLER] - Room 85ad086b-8001-4f4d-b334-381bc4e59570 removed
[2022-03-23T08:38:21.507Z] [DEBUG] [SOCKET_HANDLER] - Kx1bbtIdIpC2LWznAABv connected!
[2022-03-23T08:38:21.507Z] [INFO] [GAME_HANDLER] - Room ad0c0e0c-125c-43c6-a409-53b2b0826cdc created
[2022-03-23T08:38:30.734Z] [DEBUG] [SOCKET_HANDLER] - EAf3ouro_ndZ9b_MAABx connected!
[2022-03-23T08:39:18.116Z] [INFO] [GAME_HANDLER] - Room ad0c0e0c-125c-43c6-a409-53b2b0826cdc removed
[2022-03-23T08:39:31.448Z] [DEBUG] [SOCKET_HANDLER] - GsfHM1gfEbIxvRuSAABz connected!
[2022-03-23T08:39:31.448Z] [INFO] [GAME_HANDLER] - Room 885aa005-f904-40db-9ee2-1b47747e76c1 created
[2022-03-23T08:39:40.003Z] [DEBUG] [SOCKET_HANDLER] - J2SFvkVXmNyN7eAeAAB1 connected!
[2022-03-23T08:40:23.078Z] [INFO] [GAME_HANDLER] - Room 885aa005-f904-40db-9ee2-1b47747e76c1 removed
[2022-03-23T08:40:25.402Z] [DEBUG] [SOCKET_HANDLER] - jPwVaaG1oA3STP9qAAB3 connected!
[2022-03-23T08:40:25.402Z] [INFO] [GAME_HANDLER] - Room 44f9c1fd-3294-4cef-ae8a-4ac1b418578e created
[2022-03-23T08:40:39.679Z] [INFO] [GAME_HANDLER] - Room 44f9c1fd-3294-4cef-ae8a-4ac1b418578e removed
[2022-03-23T08:40:42.528Z] [DEBUG] [SOCKET_HANDLER] - ioG1eHHrm6ZMwkAaAAB5 connected!
[2022-03-23T08:40:42.528Z] [INFO] [GAME_HANDLER] - Room e875a56a-8ecd-4cdc-ba8a-b78ba654afc3 created
[2022-03-23T08:40:53.743Z] [INFO] [GAME_HANDLER] - Room e875a56a-8ecd-4cdc-ba8a-b78ba654afc3 removed
[2022-03-23T08:40:55.661Z] [DEBUG] [SOCKET_HANDLER] - W-E5PoiW28KtNjqFAAB7 connected!
[2022-03-23T08:40:55.661Z] [INFO] [GAME_HANDLER] - Room beef8d08-66d6-49bc-8747-af8d56d0482a created
[2022-03-23T08:41:49.370Z] [INFO] [GAME_HANDLER] - Room beef8d08-66d6-49bc-8747-af8d56d0482a removed
[2022-03-23T08:41:51.245Z] [DEBUG] [SOCKET_HANDLER] - ga8jv382h8VlJovfAAB9 connected!
[2022-03-23T08:41:51.245Z] [INFO] [GAME_HANDLER] - Room 5e46a9f5-7938-424b-8634-18177dae8106 created
[2022-03-23T08:41:56.155Z] [DEBUG] [SOCKET_HANDLER] - zwvMzlCMHJhjSd8OAAB_ connected!
[2022-03-23T08:41:56.155Z] [INFO] [GAME_HANDLER] - Room 0f76ebca-1ba6-49ba-bf08-12decc144910 created
[2022-03-23T08:41:58.978Z] [INFO] [GAME_HANDLER] - Room 0f76ebca-1ba6-49ba-bf08-12decc144910 removed
[2022-03-23T08:42:07.571Z] [DEBUG] [SOCKET_HANDLER] - eDB22BBhzsI33djnAACB connected!
[2022-03-23T08:44:13.915Z] [INFO] [GAME_HANDLER] - Room 5e46a9f5-7938-424b-8634-18177dae8106 removed
[2022-03-23T08:44:25.065Z] [DEBUG] [SOCKET_HANDLER] - is1VJbsrLmStDGv0AACD connected!
[2022-03-23T08:44:25.065Z] [INFO] [GAME_HANDLER] - Room 85c7aeaf-aefe-4870-89d2-a5421e815395 created
[2022-03-23T08:44:49.347Z] [INFO] [GAME_HANDLER] - Room 85c7aeaf-aefe-4870-89d2-a5421e815395 removed
[2022-03-23T08:44:51.947Z] [DEBUG] [SOCKET_HANDLER] - PDXKlWLfivqTs8c3AACF connected!
[2022-03-23T08:44:51.947Z] [INFO] [GAME_HANDLER] - Room ff2ab61a-d378-488d-a2f0-d6807ffd1e9d created
[2022-03-23T08:44:59.596Z] [DEBUG] [SOCKET_HANDLER] - ZsqV-U3BN8BqWh_9AACH connected!
[2022-03-23T08:45:13.113Z] [INFO] [GAME_HANDLER] - Room ff2ab61a-d378-488d-a2f0-d6807ffd1e9d removed
[2022-03-23T08:45:15.067Z] [DEBUG] [SOCKET_HANDLER] - 8ZMXMhl3xQZsB8xZAACJ connected!
[2022-03-23T08:45:15.067Z] [INFO] [GAME_HANDLER] - Room 2a134c7e-30d4-4eea-8959-245bf053dee1 created
[2022-03-23T08:45:33.796Z] [DEBUG] [SOCKET_HANDLER] - YLVht5S1FWGpIfp9AACL connected!
[2022-03-23T08:46:07.556Z] [INFO] [GAME_HANDLER] - Room 2a134c7e-30d4-4eea-8959-245bf053dee1 removed
[2022-03-23T08:46:09.554Z] [DEBUG] [SOCKET_HANDLER] - zyf3nVeTDFuWED3nAACN connected!
[2022-03-23T08:46:09.555Z] [INFO] [GAME_HANDLER] - Room b96430e1-a52a-4a15-a3f3-48fdd139a175 created
[2022-03-23T08:46:20.090Z] [DEBUG] [SOCKET_HANDLER] - f2kP80XKTZWi842gAACP connected!
[2022-03-23T08:46:55.635Z] [INFO] [GAME_HANDLER] - Room b96430e1-a52a-4a15-a3f3-48fdd139a175 removed
[2022-03-23T08:46:57.883Z] [DEBUG] [SOCKET_HANDLER] - 2BxOlAIaPCGkvphyAACR connected!
[2022-03-23T08:46:57.884Z] [INFO] [GAME_HANDLER] - Room 4ff68823-ffde-4646-8b83-9b34e63f56c1 created
[2022-03-23T08:47:19.545Z] [INFO] [GAME_HANDLER] - Room 4ff68823-ffde-4646-8b83-9b34e63f56c1 removed
[2022-03-23T08:48:07.751Z] [DEBUG] [SOCKET_HANDLER] - kZyBn1nBwmCT9MF6AACT connected!
[2022-03-23T08:48:07.751Z] [INFO] [GAME_HANDLER] - Room c44db26d-bd2e-430a-8689-61d402670968 created
[2022-03-23T08:49:50.170Z] [INFO] [GAME_HANDLER] - Room c44db26d-bd2e-430a-8689-61d402670968 removed
[2022-03-23T08:49:52.459Z] [DEBUG] [SOCKET_HANDLER] - bhCWKPUB5yTjr62sAACV connected!
[2022-03-23T08:49:52.460Z] [INFO] [GAME_HANDLER] - Room 1331098e-4cf8-4ee8-be37-e4224050f15a created
[2022-03-23T08:50:03.575Z] [DEBUG] [SOCKET_HANDLER] - w3jDRdiUwPxngjZOAACX connected!
[2022-03-23T08:50:03.575Z] [INFO] [GAME_HANDLER] - Room 78129af6-7ff9-4488-a8e0-dd6848e842e1 created
[2022-03-23T08:50:14.504Z] [INFO] [GAME_HANDLER] - Room 78129af6-7ff9-4488-a8e0-dd6848e842e1 removed
[2022-03-23T08:50:18.291Z] [DEBUG] [SOCKET_HANDLER] - qAkavdpOxS2ZMC_yAACZ connected!
[2022-03-23T08:51:44.362Z] [INFO] [GAME_HANDLER] - Room 1331098e-4cf8-4ee8-be37-e4224050f15a removed
[2022-03-23T08:51:46.806Z] [DEBUG] [SOCKET_HANDLER] - mmAs3sluoMF7ulUMAACb connected!
[2022-03-23T08:51:46.806Z] [INFO] [GAME_HANDLER] - Room 918bc473-fc66-49d8-9f13-bd6a72517ed6 created
[2022-03-23T08:52:29.657Z] [INFO] [GAME_HANDLER] - Room 918bc473-fc66-49d8-9f13-bd6a72517ed6 removed
[2022-03-23T08:56:36.749Z] [DEBUG] [SOCKET_HANDLER] - i3a7jXOknao7X_9qAACd connected!
[2022-03-23T08:56:36.749Z] [INFO] [GAME_HANDLER] - Room d376e4bf-2c9a-4576-88c1-aae7c714f9d2 created
[2022-03-23T08:56:58.434Z] [INFO] [GAME_HANDLER] - Room d376e4bf-2c9a-4576-88c1-aae7c714f9d2 removed
[2022-03-23T08:57:00.778Z] [DEBUG] [SOCKET_HANDLER] - AeT0T4tUqNpPjWy8AACf connected!
[2022-03-23T08:57:00.779Z] [INFO] [GAME_HANDLER] - Room bc9ec9b7-6e5d-495b-981a-ba378b13a268 created
[2022-03-23T08:57:26.552Z] [INFO] [GAME_HANDLER] - Room bc9ec9b7-6e5d-495b-981a-ba378b13a268 removed
[2022-03-23T08:57:29.092Z] [DEBUG] [SOCKET_HANDLER] - jyEoSsKTHQNG7gpEAACh connected!
[2022-03-23T08:57:29.092Z] [INFO] [GAME_HANDLER] - Room ca06a10d-5cfc-4d43-9810-17cf2afd9a54 created
[2022-03-23T09:00:14.488Z] [INFO] [GAME_HANDLER] - Room ca06a10d-5cfc-4d43-9810-17cf2afd9a54 removed
[2022-03-23T09:00:16.815Z] [DEBUG] [SOCKET_HANDLER] - OOs8mDKKJRZF-TCYAACj connected!
[2022-03-23T09:00:16.816Z] [INFO] [GAME_HANDLER] - Room 1352a634-e6f5-4307-a1ce-2e0b5c692c7a created
[2022-03-23T09:00:28.878Z] [INFO] [GAME_HANDLER] - Room 1352a634-e6f5-4307-a1ce-2e0b5c692c7a removed
[2022-03-23T09:04:25.221Z] [DEBUG] [SOCKET_HANDLER] - T5gDtUO7xZyjgvmDAACl connected!
[2022-03-23T09:04:25.221Z] [INFO] [GAME_HANDLER] - Room a090b2e6-465c-4b68-8c85-49d3f50ed450 created
[2022-03-23T09:06:25.934Z] [INFO] [GAME_HANDLER] - Room a090b2e6-465c-4b68-8c85-49d3f50ed450 removed
[2022-03-23T11:45:49.765Z] [INFO] [LOGGER] - Initializing Log
[2022-03-23T11:45:49.767Z] [INFO] [SERVER] - Server is Starting
[2022-03-23T11:45:49.913Z] [INFO] [SERVER] - Server started on port 3000
[2022-03-23T11:46:31.017Z] [DEBUG] [SOCKET_HANDLER] - KrRZ4_QZRDVqLOseAAAB connected!
[2022-03-23T11:46:31.018Z] [INFO] [GAME_HANDLER] - Room 7af3cbfb-2191-4cfa-a6a7-029e101e7136 created
[2022-03-23T11:46:48.344Z] [INFO] [GAME_HANDLER] - Room 7af3cbfb-2191-4cfa-a6a7-029e101e7136 removed
[2022-03-23T11:47:06.272Z] [DEBUG] [SOCKET_HANDLER] - 8NhV7SQDq4QuD8KgAAAD connected!
[2022-03-23T11:47:06.273Z] [INFO] [GAME_HANDLER] - Room ec66c7e3-7910-4f34-866b-898ac57a8ea4 created
[2022-03-23T11:47:41.466Z] [INFO] [GAME_HANDLER] - Room ec66c7e3-7910-4f34-866b-898ac57a8ea4 removed
[2022-03-23T11:47:56.383Z] [DEBUG] [SOCKET_HANDLER] - NdlpQbS9WxTBrz99AAAF connected!
[2022-03-23T11:47:56.383Z] [INFO] [GAME_HANDLER] - Room 51896372-5454-42e6-bc2b-69ab617b5c1e created
[2022-03-23T11:48:24.470Z] [INFO] [GAME_HANDLER] - Room 51896372-5454-42e6-bc2b-69ab617b5c1e removed
[2022-03-23T11:48:30.867Z] [DEBUG] [SOCKET_HANDLER] - ygIvrFdvD4o_z7y6AAAH connected!
[2022-03-23T11:48:30.867Z] [INFO] [GAME_HANDLER] - Room c1be7eae-9fed-4022-b43d-d1a95d33a823 created
[2022-03-23T11:49:51.546Z] [INFO] [GAME_HANDLER] - Room c1be7eae-9fed-4022-b43d-d1a95d33a823 removed
[2022-03-23T12:04:15.933Z] [DEBUG] [SOCKET_HANDLER] - ifVDQarB88t9Sb0yAAAJ connected!
[2022-03-23T12:04:15.934Z] [INFO] [GAME_HANDLER] - Room e3559db0-d046-4f5e-9cc9-0e9ca5ad0098 created
[2022-03-23T12:05:12.242Z] [INFO] [GAME_HANDLER] - Room e3559db0-d046-4f5e-9cc9-0e9ca5ad0098 removed
[2022-03-23T12:08:00.299Z] [DEBUG] [SOCKET_HANDLER] - th7-wx7x5YlWWpc_AAAL connected!
[2022-03-23T12:08:00.299Z] [INFO] [GAME_HANDLER] - Room 014bd988-60e7-4667-afe3-45d020c4c299 created
[2022-03-23T12:16:05.831Z] [INFO] [GAME_HANDLER] - Room 014bd988-60e7-4667-afe3-45d020c4c299 removed
[2022-03-23T12:23:19.357Z] [DEBUG] [SOCKET_HANDLER] - XQ-hZHtjuFMdOwjZAAAN connected!
[2022-03-23T12:23:19.358Z] [INFO] [GAME_HANDLER] - Room 909550c9-6811-4780-8281-5ee8b28280f2 created
[2022-03-23T12:25:08.576Z] [INFO] [GAME_HANDLER] - Room 909550c9-6811-4780-8281-5ee8b28280f2 removed
[2022-03-23T12:26:04.971Z] [DEBUG] [SOCKET_HANDLER] - myZZxWq4N2uoOHhAAAAP connected!
[2022-03-23T12:26:04.971Z] [INFO] [GAME_HANDLER] - Room 37abb584-a59d-42ff-a7de-a47ecf20fa52 created
[2022-03-23T12:26:14.391Z] [DEBUG] [SOCKET_HANDLER] - iKyOm0trGPjYrnnXAAAR connected!
[2022-03-23T12:26:40.495Z] [INFO] [GAME_HANDLER] - Room 37abb584-a59d-42ff-a7de-a47ecf20fa52 removed
[2022-03-23T12:26:43.865Z] [DEBUG] [SOCKET_HANDLER] - vp-hiZ0UDQXp4SwSAAAT connected!
[2022-03-23T12:26:43.866Z] [INFO] [GAME_HANDLER] - Room 2d6aacb5-dc3f-4193-a8ba-6e46c50858b4 created
[2022-03-23T12:26:53.531Z] [DEBUG] [SOCKET_HANDLER] - WRFc0f7f3CdfxIJeAAAV connected!
[2022-03-23T12:27:18.848Z] [INFO] [GAME_HANDLER] - Room 2d6aacb5-dc3f-4193-a8ba-6e46c50858b4 removed
[2022-03-23T12:27:41.341Z] [DEBUG] [SOCKET_HANDLER] - _tWnM9u5fpUvgnZ8AAAX connected!
[2022-03-23T12:27:41.341Z] [INFO] [GAME_HANDLER] - Room 4118430c-063d-4fa5-9c98-3aec269e49f1 created
[2022-03-23T12:27:49.902Z] [DEBUG] [SOCKET_HANDLER] - zGtjUfRyjBZNSZ4YAAAZ connected!
[2022-03-23T12:28:39.287Z] [INFO] [GAME_HANDLER] - Room 4118430c-063d-4fa5-9c98-3aec269e49f1 removed
[2022-03-23T12:28:41.951Z] [DEBUG] [SOCKET_HANDLER] - nLY2hqbMV-3YH6bsAAAb connected!
[2022-03-23T12:28:41.951Z] [INFO] [GAME_HANDLER] - Room 515c00ab-bb12-453d-b0fe-e9bf93ff7b05 created
[2022-03-23T12:31:25.733Z] [INFO] [GAME_HANDLER] - Room 515c00ab-bb12-453d-b0fe-e9bf93ff7b05 removed
[2022-03-23T12:33:13.090Z] [DEBUG] [SOCKET_HANDLER] - Ok0bAiV95AULCdIzAAAd connected!
[2022-03-23T12:33:13.090Z] [INFO] [GAME_HANDLER] - Room e597e478-f28c-4d0b-b9a6-9f775af5a161 created
[2022-03-23T12:33:30.260Z] [INFO] [GAME_HANDLER] - Room e597e478-f28c-4d0b-b9a6-9f775af5a161 removed
[2022-03-23T12:35:25.485Z] [DEBUG] [SOCKET_HANDLER] - STuZ2ixza8c_FtcAAAAf connected!
[2022-03-23T12:35:25.486Z] [INFO] [GAME_HANDLER] - Room a7008624-be97-4e84-931c-fe3c1be1e5b6 created
[2022-03-23T12:35:44.858Z] [INFO] [GAME_HANDLER] - Room a7008624-be97-4e84-931c-fe3c1be1e5b6 removed
[2022-03-23T12:35:47.165Z] [DEBUG] [SOCKET_HANDLER] - jzxU-hPVpVOdEr7LAAAh connected!
[2022-03-23T12:35:47.165Z] [INFO] [GAME_HANDLER] - Room 5a30abe3-1822-4511-adfc-186c3ec38004 created
[2022-03-23T12:36:02.502Z] [INFO] [GAME_HANDLER] - Room 5a30abe3-1822-4511-adfc-186c3ec38004 removed
[2022-03-23T12:36:05.139Z] [DEBUG] [SOCKET_HANDLER] - dH2Q2xm-qqTt36wVAAAj connected!
[2022-03-23T12:36:05.139Z] [INFO] [GAME_HANDLER] - Room 398d727f-a887-4df8-8919-3fb3e6ff0c6e created
[2022-03-23T12:36:14.130Z] [INFO] [GAME_HANDLER] - Room 398d727f-a887-4df8-8919-3fb3e6ff0c6e removed
[2022-03-23T12:36:16.376Z] [DEBUG] [SOCKET_HANDLER] - VNa0KYPIqH0kAyKMAAAl connected!
[2022-03-23T12:36:16.376Z] [INFO] [GAME_HANDLER] - Room 12764601-93fb-4060-9324-4cf91c67c155 created
[2022-03-23T12:36:36.300Z] [INFO] [GAME_HANDLER] - Room 12764601-93fb-4060-9324-4cf91c67c155 removed
[2022-03-23T12:36:38.285Z] [DEBUG] [SOCKET_HANDLER] - MKsLLE-NrbIcQBWYAAAn connected!
[2022-03-23T12:36:38.286Z] [INFO] [GAME_HANDLER] - Room 8b3d6296-d633-4de9-bb18-e80c9d24344a created
[2022-03-23T12:37:12.362Z] [INFO] [GAME_HANDLER] - Room 8b3d6296-d633-4de9-bb18-e80c9d24344a removed
